Using pre-set license
Built from '2020.2/release' branch; Version is '2020.2.2f1 (068178b99f32) revision 426360'; Using compiler version '192528614'; Build Type 'Release'
OS: 'Windows 10 Pro; OS build 19042.804; Version 2009; 64bit' Language: 'en' Physical Memory: 24502 MB
BatchMode: 1, IsHumanControllingUs: 0, StartBugReporterOnCrash: 0, Is64bit: 1, IsPro: 0

 COMMAND LINE ARGUMENTS:
E:\Unity Hub\Unity\Editor\2020.2.2f1\Editor\Unity.exe
-adb2
-batchMode
-noUpm
-name
AssetImportWorker0
-projectPath
E:/School Projects/CST326/CST326-Shoot--em-up/CST326-Shoot ‘em up
-logFile
Logs/AssetImportWorker0.log
-srvPort
62115
Successfully changed project path to: E:/School Projects/CST326/CST326-Shoot--em-up/CST326-Shoot ‘em up
E:/School Projects/CST326/CST326-Shoot--em-up/CST326-Shoot ‘em up
Using Asset Import Pipeline V2.
Refreshing native plugins compatible for Editor in 34.57 ms, found 0 plugins.
Preloading 0 native plugins for Editor in 0.00 ms.
Initialize engine version: 2020.2.2f1 (068178b99f32)
[Subsystems] Discovering subsystems at path E:/Unity Hub/Unity/Editor/2020.2.2f1/Editor/Data/Resources/UnitySubsystems
[Subsystems] Discovering subsystems at path E:/School Projects/CST326/CST326-Shoot--em-up/CST326-Shoot ‘em up/Assets
GfxDevice: creating device client; threaded=0
Direct3D:
    Version:  Direct3D 11.0 [level 11.1]
    Renderer: NVIDIA GeForce GTX 1660 Ti (ID=0x2182)
    Vendor:   
    VRAM:     5991 MB
    Driver:   27.21.14.6172
Initialize mono
Mono path[0] = 'E:/Unity Hub/Unity/Editor/2020.2.2f1/Editor/Data/Managed'
Mono path[1] = 'E:/Unity Hub/Unity/Editor/2020.2.2f1/Editor/Data/MonoBleedingEdge/lib/mono/unityjit'
Mono config path = 'E:/Unity Hub/Unity/Editor/2020.2.2f1/Editor/Data/MonoBleedingEdge/etc'
Using monoOptions --debugger-agent=transport=dt_socket,embedding=1,server=y,suspend=n,address=127.0.0.1:56660
Begin MonoManager ReloadAssembly
Registering precompiled unity dll's ...
Register platform support module: E:/Unity Hub/Unity/Editor/2020.2.2f1/Editor/Data/PlaybackEngines/WindowsStandaloneSupport/UnityEditor.WindowsStandalone.Extensions.dll
Registered in 0.001679 seconds.
Native extension for WindowsStandalone target not found
Refreshing native plugins compatible for Editor in 33.79 ms, found 0 plugins.
Preloading 0 native plugins for Editor in 0.00 ms.
Invoked RoslynAnalysisRunner static constructor.
RoslynAnalysisRunner will not be running.
RoslynAnalysisRunner has terminated.
Mono: successfully reloaded assembly
- Completed reload, in  1.070 seconds
Platform modules already initialized, skipping
Registering precompiled user dll's ...
Registered in 0.000814 seconds.
Begin MonoManager ReloadAssembly
Native extension for WindowsStandalone target not found
Refreshing native plugins compatible for Editor in 0.29 ms, found 0 plugins.
Preloading 0 native plugins for Editor in 0.00 ms.
Invoked RoslynAnalysisRunner static constructor.
RoslynAnalysisRunner will not be running.
RoslynAnalysisRunner has terminated.
Mono: successfully reloaded assembly
- Completed reload, in  0.926 seconds
Platform modules already initialized, skipping
========================================================================
Worker process is ready to serve import requests
Launched and connected shader compiler UnityShaderCompiler.exe after 0.07 seconds
Refreshing native plugins compatible for Editor in 0.54 ms, found 0 plugins.
Preloading 0 native plugins for Editor in 0.00 ms.
Unloading 1352 Unused Serialized files (Serialized files now loaded: 0)
System memory in use before: 144.5 MB.
System memory in use after: 144.6 MB.

Unloading 14 unused Assets to reduce memory usage. Loaded Objects now: 1807.
Total: 3.554400 ms (FindLiveObjects: 0.266300 ms CreateObjectMapping: 0.087500 ms MarkObjects: 3.089300 ms  DeleteObjects: 0.109800 ms)

========================================================================
Received Import Request.
  path: Assets/Scenes/ScoreDisplay.unity
  artifactKey: Guid(47f4d686c43b9a343b4b97555ed61752) Importer(815301076,1909f56bfc062723c751e8b465ee728b)
Start importing Assets/Scenes/ScoreDisplay.unity using Guid(47f4d686c43b9a343b4b97555ed61752) Importer(815301076,1909f56bfc062723c751e8b465ee728b)  -> (artifact id: '689c49a3965ed9f39b06c13a89bedfd8') in 0.009930 seconds
  Import took 0.012192 seconds .

========================================================================
Received Prepare
Registering precompiled user dll's ...
Registered in 0.000848 seconds.
Begin MonoManager ReloadAssembly
Native extension for WindowsStandalone target not found
Refreshing native plugins compatible for Editor in 0.29 ms, found 0 plugins.
Preloading 0 native plugins for Editor in 0.00 ms.
Invoked RoslynAnalysisRunner static constructor.
RoslynAnalysisRunner will not be running.
RoslynAnalysisRunner has terminated.
Mono: successfully reloaded assembly
- Completed reload, in  0.844 seconds
Platform modules already initialized, skipping
Refreshing native plugins compatible for Editor in 0.28 ms, found 0 plugins.
Preloading 0 native plugins for Editor in 0.00 ms.
Unloading 1305 Unused Serialized files (Serialized files now loaded: 0)
System memory in use before: 141.3 MB.
System memory in use after: 141.3 MB.

Unloading 5 unused Assets to reduce memory usage. Loaded Objects now: 1809.
Total: 1.876800 ms (FindLiveObjects: 0.265600 ms CreateObjectMapping: 0.052700 ms MarkObjects: 1.477400 ms  DeleteObjects: 0.079800 ms)

========================================================================
Received Import Request.
  Time since last request: 107.372987 seconds.
  path: Assets/Scenes/DemoScene.unity
  artifactKey: Guid(b10c833d892f8724fac69a0625a5f543) Importer(815301076,1909f56bfc062723c751e8b465ee728b)
Start importing Assets/Scenes/DemoScene.unity using Guid(b10c833d892f8724fac69a0625a5f543) Importer(815301076,1909f56bfc062723c751e8b465ee728b)  -> (artifact id: '3ccdf6f9ad362e9cf8946e50e4c46042') in 0.014625 seconds
  Import took 0.016904 seconds .

========================================================================
Received Prepare
Registering precompiled user dll's ...
Registered in 0.001311 seconds.
Begin MonoManager ReloadAssembly
Native extension for WindowsStandalone target not found
Refreshing native plugins compatible for Editor in 0.46 ms, found 0 plugins.
Preloading 0 native plugins for Editor in 0.00 ms.
Invoked RoslynAnalysisRunner static constructor.
RoslynAnalysisRunner will not be running.
RoslynAnalysisRunner has terminated.
Mono: successfully reloaded assembly
- Completed reload, in  0.911 seconds
Platform modules already initialized, skipping
Refreshing native plugins compatible for Editor in 0.30 ms, found 0 plugins.
Preloading 0 native plugins for Editor in 0.00 ms.
Unloading 1305 Unused Serialized files (Serialized files now loaded: 0)
System memory in use before: 142.3 MB.
System memory in use after: 142.4 MB.

Unloading 5 unused Assets to reduce memory usage. Loaded Objects now: 1811.
Total: 2.851000 ms (FindLiveObjects: 0.239000 ms CreateObjectMapping: 0.053300 ms MarkObjects: 2.451600 ms  DeleteObjects: 0.104400 ms)

========================================================================
Received Prepare
Refreshing native plugins compatible for Editor in 0.93 ms, found 0 plugins.
Preloading 0 native plugins for Editor in 0.00 ms.
Unloading 3 Unused Serialized files (Serialized files now loaded: 0)
System memory in use before: 116.5 MB.
System memory in use after: 116.6 MB.

Unloading 3 unused Assets to reduce memory usage. Loaded Objects now: 1811.
Total: 1.763300 ms (FindLiveObjects: 0.214600 ms CreateObjectMapping: 0.032500 ms MarkObjects: 1.445000 ms  DeleteObjects: 0.070100 ms)

========================================================================
Received Import Request.
  Time since last request: 408.103743 seconds.
  path: Assets/Prefabs/Barricade.prefab
  artifactKey: Guid(087642831bd76e845b74dc7fe980de00) Importer(815301076,1909f56bfc062723c751e8b465ee728b)
Start importing Assets/Prefabs/Barricade.prefab using Guid(087642831bd76e845b74dc7fe980de00) Importer(815301076,1909f56bfc062723c751e8b465ee728b)  -> (artifact id: 'dc5ce8d18c70a4b7255b7c6d090ab6e9') in 0.120496 seconds
  Import took 0.123232 seconds .

========================================================================
Received Import Request.
  Time since last request: 0.000322 seconds.
  path: Assets/Prefabs/EnemyCapsule.prefab
  artifactKey: Guid(72cb8631943fc4c4d92d01158ee49645) Importer(815301076,1909f56bfc062723c751e8b465ee728b)
Start importing Assets/Prefabs/EnemyCapsule.prefab using Guid(72cb8631943fc4c4d92d01158ee49645) Importer(815301076,1909f56bfc062723c751e8b465ee728b)  -> (artifact id: '30743ba426c8425e952b4e171db81615') in 0.008686 seconds
  Import took 0.011275 seconds .

========================================================================
Received Import Request.
  Time since last request: 0.000315 seconds.
  path: Assets/Prefabs/EnemyPentagon.prefab
  artifactKey: Guid(3d45e375de306664fabf8d6e4dbec687) Importer(815301076,1909f56bfc062723c751e8b465ee728b)
Start importing Assets/Prefabs/EnemyPentagon.prefab using Guid(3d45e375de306664fabf8d6e4dbec687) Importer(815301076,1909f56bfc062723c751e8b465ee728b)  -> (artifact id: 'f9bb1cc1fb3fe3e397fe72b39b02d111') in 0.007489 seconds
  Import took 0.009658 seconds .

========================================================================
Received Import Request.
  Time since last request: 0.000303 seconds.
  path: Assets/Prefabs/EnemyBullet.prefab
  artifactKey: Guid(008e2fa77cd5514458f596a19880be8f) Importer(815301076,1909f56bfc062723c751e8b465ee728b)
Start importing Assets/Prefabs/EnemyBullet.prefab using Guid(008e2fa77cd5514458f596a19880be8f) Importer(815301076,1909f56bfc062723c751e8b465ee728b)  -> (artifact id: '5db6bae82e123b7c273da98f72cac6a2') in 0.007586 seconds
  Import took 0.010091 seconds .

========================================================================
Received Import Request.
  Time since last request: 0.000290 seconds.
  path: Assets/Prefabs/Square.png
  artifactKey: Guid(93d27a6d24680f9478e3d4924da6cb8b) Importer(815301076,1909f56bfc062723c751e8b465ee728b)
Start importing Assets/Prefabs/Square.png using Guid(93d27a6d24680f9478e3d4924da6cb8b) Importer(815301076,1909f56bfc062723c751e8b465ee728b)  -> (artifact id: '31bfaf4fd6bb73a16d63fecbde0e9b01') in 0.033208 seconds
  Import took 0.035942 seconds .

========================================================================
Received Import Request.
  Time since last request: 0.000363 seconds.
  path: Assets/Prefabs/EnemyCircle.prefab
  artifactKey: Guid(8ba8ec819c0e79b4a9c240e2e9a91d17) Importer(815301076,1909f56bfc062723c751e8b465ee728b)
Start importing Assets/Prefabs/EnemyCircle.prefab using Guid(8ba8ec819c0e79b4a9c240e2e9a91d17) Importer(815301076,1909f56bfc062723c751e8b465ee728b)  -> (artifact id: 'da9ce9a74c1a1c7d048ee45a73ba28fc') in 0.008356 seconds
  Import took 0.010804 seconds .

========================================================================
Received Import Request.
  Time since last request: 0.000317 seconds.
  path: Assets/Prefabs/EnemySquare.prefab
  artifactKey: Guid(c3b77266ea0668e4289e92aa866a25ed) Importer(815301076,1909f56bfc062723c751e8b465ee728b)
Start importing Assets/Prefabs/EnemySquare.prefab using Guid(c3b77266ea0668e4289e92aa866a25ed) Importer(815301076,1909f56bfc062723c751e8b465ee728b)  -> (artifact id: 'adb3ff9b2c9cc26c5296d982bcd7ddc3') in 0.007199 seconds
  Import took 0.009464 seconds .

========================================================================
Received Import Request.
  Time since last request: 0.000327 seconds.
  path: Assets/Prefabs/Bullet.prefab
  artifactKey: Guid(d4511b14daaa37c468a74ed386b2583f) Importer(815301076,1909f56bfc062723c751e8b465ee728b)
Start importing Assets/Prefabs/Bullet.prefab using Guid(d4511b14daaa37c468a74ed386b2583f) Importer(815301076,1909f56bfc062723c751e8b465ee728b)  -> (artifact id: '46051ffa30650c681e086fb5676c2f5b') in 0.012408 seconds
  Import took 0.014844 seconds .

========================================================================
Received Import Request.
  Time since last request: 0.000354 seconds.
  path: Assets/Prefabs/Player.prefab
  artifactKey: Guid(46f7c04cfd4b73e49a865596061b9ab8) Importer(815301076,1909f56bfc062723c751e8b465ee728b)
Start importing Assets/Prefabs/Player.prefab using Guid(46f7c04cfd4b73e49a865596061b9ab8) Importer(815301076,1909f56bfc062723c751e8b465ee728b)  -> (artifact id: 'ca969ef866fb11e611d49e53a472ab46') in 0.009613 seconds
  Import took 0.012661 seconds .

========================================================================
Received Prepare
Registering precompiled user dll's ...
Registered in 0.000726 seconds.
Begin MonoManager ReloadAssembly
Native extension for WindowsStandalone target not found
Refreshing native plugins compatible for Editor in 0.34 ms, found 0 plugins.
Preloading 0 native plugins for Editor in 0.00 ms.
Invoked RoslynAnalysisRunner static constructor.
RoslynAnalysisRunner will not be running.
RoslynAnalysisRunner has terminated.
Mono: successfully reloaded assembly
- Completed reload, in  0.822 seconds
Platform modules already initialized, skipping
Refreshing native plugins compatible for Editor in 0.28 ms, found 0 plugins.
Preloading 0 native plugins for Editor in 0.00 ms.
Unloading 1305 Unused Serialized files (Serialized files now loaded: 0)
System memory in use before: 145.5 MB.
System memory in use after: 145.5 MB.

Unloading 6 unused Assets to reduce memory usage. Loaded Objects now: 1823.
Total: 1.601000 ms (FindLiveObjects: 0.147900 ms CreateObjectMapping: 0.030600 ms MarkObjects: 1.355400 ms  DeleteObjects: 0.066400 ms)

AssetImportWorkerClient::OnTransportError - code=2 error=End of file
